{"C:\\Users\\yash.gupta3\\Desktop\\workspace docs\\react-project\\src\\components\\Contact.js": {"path":"C:\\Users\\yash.gupta3\\Desktop\\workspace docs\\react-project\\src\\components\\Contact.js","statementMap":{"0":{"start":{"line":1,"column":16},"end":{"line":12,"column":1}},"1":{"start":{"line":2,"column":2},"end":{"line":11,"column":4}}},"fnMap":{"0":{"name":"(anonymous_0)","decl":{"start":{"line":1,"column":16},"end":{"line":1,"column":17}},"loc":{"start":{"line":1,"column":22},"end":{"line":12,"column":1}},"line":1}},"branchMap":{},"s":{"0":1,"1":4},"f":{"0":4},"b":{},"_coverageSchema":"1a1c01bbd47fc00a2c39e90264f33305004495a9","hash":"fa142b8d49db7977890b87aec3643e81c32a38f0"}
,"C:\\Users\\yash.gupta3\\Desktop\\workspace docs\\react-project\\src\\components\\RestroCard.js": {"path":"C:\\Users\\yash.gupta3\\Desktop\\workspace docs\\react-project\\src\\components\\RestroCard.js","statementMap":{"0":{"start":{"line":3,"column":19},"end":{"line":14,"column":1}},"1":{"start":{"line":4,"column":64},"end":{"line":4,"column":78}},"2":{"start":{"line":5,"column":2},"end":{"line":13,"column":4}},"3":{"start":{"line":16,"column":28},"end":{"line":25,"column":1}},"4":{"start":{"line":17,"column":2},"end":{"line":24,"column":4}},"5":{"start":{"line":18,"column":4},"end":{"line":23,"column":6}}},"fnMap":{"0":{"name":"(anonymous_0)","decl":{"start":{"line":3,"column":19},"end":{"line":3,"column":20}},"loc":{"start":{"line":3,"column":30},"end":{"line":14,"column":1}},"line":3},"1":{"name":"(anonymous_1)","decl":{"start":{"line":16,"column":28},"end":{"line":16,"column":29}},"loc":{"start":{"line":16,"column":44},"end":{"line":25,"column":1}},"line":16},"2":{"name":"(anonymous_2)","decl":{"start":{"line":17,"column":9},"end":{"line":17,"column":10}},"loc":{"start":{"line":17,"column":20},"end":{"line":24,"column":3}},"line":17}},"branchMap":{},"s":{"0":1,"1":1,"2":1,"3":1,"4":1,"5":0},"f":{"0":1,"1":1,"2":0},"b":{},"_coverageSchema":"1a1c01bbd47fc00a2c39e90264f33305004495a9","hash":"7a0c7eb724124b0b73f2dab241e8e8845a37f92b"}
,"C:\\Users\\yash.gupta3\\Desktop\\workspace docs\\react-project\\src\\components\\sum.js": {"path":"C:\\Users\\yash.gupta3\\Desktop\\workspace docs\\react-project\\src\\components\\sum.js","statementMap":{"0":{"start":{"line":1,"column":19},"end":{"line":3,"column":1}},"1":{"start":{"line":2,"column":2},"end":{"line":2,"column":15}}},"fnMap":{"0":{"name":"(anonymous_0)","decl":{"start":{"line":1,"column":19},"end":{"line":1,"column":20}},"loc":{"start":{"line":1,"column":29},"end":{"line":3,"column":1}},"line":1}},"branchMap":{},"s":{"0":1,"1":1},"f":{"0":1},"b":{},"_coverageSchema":"1a1c01bbd47fc00a2c39e90264f33305004495a9","hash":"e0252f6eae8f8c44fcb22ee6a5fd63a1099a5f79"}
,"C:\\Users\\yash.gupta3\\Desktop\\workspace docs\\react-project\\src\\utils\\constants.js": {"path":"C:\\Users\\yash.gupta3\\Desktop\\workspace docs\\react-project\\src\\utils\\constants.js","statementMap":{"0":{"start":{"line":1,"column":23},"end":{"line":1,"column":106}},"1":{"start":{"line":2,"column":24},"end":{"line":2,"column":107}},"2":{"start":{"line":3,"column":24},"end":{"line":3,"column":56}}},"fnMap":{},"branchMap":{},"s":{"0":1,"1":1,"2":1},"f":{},"b":{},"_coverageSchema":"1a1c01bbd47fc00a2c39e90264f33305004495a9","hash":"b7af2ffd4aabf1762d385e57a3ee3ae1a7f52b5d"}
}
