{"C:\\Users\\yash.gupta3\\Desktop\\workspace docs\\react-project\\src\\components\\Contact.js": {"path":"C:\\Users\\yash.gupta3\\Desktop\\workspace docs\\react-project\\src\\components\\Contact.js","statementMap":{"0":{"start":{"line":1,"column":16},"end":{"line":12,"column":1}},"1":{"start":{"line":2,"column":2},"end":{"line":11,"column":4}}},"fnMap":{"0":{"name":"(anonymous_0)","decl":{"start":{"line":1,"column":16},"end":{"line":1,"column":17}},"loc":{"start":{"line":1,"column":22},"end":{"line":12,"column":1}},"line":1}},"branchMap":{},"s":{"0":1,"1":4},"f":{"0":4},"b":{},"_coverageSchema":"1a1c01bbd47fc00a2c39e90264f33305004495a9","hash":"fa142b8d49db7977890b87aec3643e81c32a38f0"}
,"C:\\Users\\yash.gupta3\\Desktop\\workspace docs\\react-project\\src\\components\\sum.js": {"path":"C:\\Users\\yash.gupta3\\Desktop\\workspace docs\\react-project\\src\\components\\sum.js","statementMap":{"0":{"start":{"line":1,"column":19},"end":{"line":3,"column":1}},"1":{"start":{"line":2,"column":2},"end":{"line":2,"column":15}}},"fnMap":{"0":{"name":"(anonymous_0)","decl":{"start":{"line":1,"column":19},"end":{"line":1,"column":20}},"loc":{"start":{"line":1,"column":29},"end":{"line":3,"column":1}},"line":1}},"branchMap":{},"s":{"0":1,"1":1},"f":{"0":1},"b":{},"_coverageSchema":"1a1c01bbd47fc00a2c39e90264f33305004495a9","hash":"e0252f6eae8f8c44fcb22ee6a5fd63a1099a5f79"}
}
